<?xml version="1.0" ?>
<coverage version="6.3.2" timestamp="1663317181363" lines-valid="9" lines-covered="4" line-rate="0.4444" branches-covered="0" branches-valid="0" branch-rate="0" complexity="0">
	<!-- Generated by coverage.py: https://coverage.readthedocs.io -->
	<!-- Based on https://raw.githubusercontent.com/cobertura/web/master/htdocs/xml/coverage-04.dtd -->
	<sources>
		<source>/Users/tino/PycharmProjects/pipelines_sonarqube</source>
	</sources>
	<packages>
		<package name="src" line-rate="0.4444" branch-rate="0" complexity="0">
			<classes>
				<class name="my_app.py" filename="src/my_app.py" complexity="0" line-rate="0.4444" branch-rate="0">
					<methods/>
					<lines>
						<line number="1" hits="1"/>
						<line number="4" hits="1"/>
						<line number="5" hits="0"/>
						<line number="6" hits="0"/>
						<line number="8" hits="0"/>
						<line number="10" hits="1"/>
						<line number="11" hits="0"/>
						<line number="13" hits="1"/>
						<line number="14" hits="0"/>
					</lines>
				</class>
			</classes>
		</package>
	</packages>
</coverage>
